#
# A fatal error has been detected by the Java Runtime Environment:
#
#  EXCEPTION_ACCESS_VIOLATION (0xc0000005) at pc=0x6d0a3cd0, pid=218472, tid=218764
#
# JRE version: 6.0_45-b06
# Java VM: Java HotSpot(TM) Client VM (20.45-b01 mixed mode, sharing windows-x86 )
# Problematic frame:
# C  [awt.dll+0xa3cd0]
#
# If you would like to submit a bug report, please visit:
#   http://java.sun.com/webapps/bugreport/crash.jsp
# The crash happened outside the Java Virtual Machine in native code.
# See problematic frame for where to report the bug.
#

---------------  T H R E A D  ---------------

Current thread (0x0936cc00):  JavaThread "Busy indicator" daemon [_thread_in_native, id=218764, stack(0x0bd10000,0x0bd60000)]

siginfo: ExceptionCode=0xc0000005, reading address 0x00000004

Registers:
EAX=0x0000000d, EBX=0x0202d930, ECX=0x00000000, EDX=0x005af638
ESP=0x0bd5f1bc, EBP=0x756c6460, ESI=0x0affc7c8, EDI=0x3c0134ed
EIP=0x6d0a3cd0, EFLAGS=0x00010293

Top of Stack: (sp=0x0bd5f1bc)
0x0bd5f1bc:   6d067287 3c0134ed 0bd5f740 0936cd28
0x0bd5f1cc:   0bd5f6d8 0202d930 6d04c95e 0936cd28
0x0bd5f1dc:   0202d930 0b00e6b8 6d04c981 00000001
0x0bd5f1ec:   0936cc00 0936cd28 6d0648fc 0936cd28
0x0bd5f1fc:   0bd5f740 0936cc00 00000000 00000000
0x0bd5f20c:   01000000 3c0134ed 0202daa0 00000000
0x0bd5f21c:   0b00e6b8 00000547 0000036c 00000635
0x0bd5f22c:   0000037c 00000000 00000000 000000ee 

Instructions: (pc=0x6d0a3cd0)
0x6d0a3cb0:   8b 41 04 05 00 04 00 00 c3 cc cc cc cc cc cc cc
0x6d0a3cc0:   8b 41 04 8b 80 0c 0c 00 00 c3 cc cc cc cc cc cc
0x6d0a3cd0:   8b 49 04 85 c9 74 05 e9 f4 7a fe ff 33 c0 c2 04
0x6d0a3ce0:   00 cc cc cc cc cc cc cc cc cc cc cc cc cc cc cc 


Register to memory mapping:

EAX=0x0000000d is an unknown value
EBX=0x0202d930 is an unknown value
ECX=0x00000000 is an unknown value
EDX=0x005af638 is an unknown value
ESP=0x0bd5f1bc is pointing into the stack for thread: 0x0936cc00
EBP=0x756c6460 is an unknown value
ESI=0x0affc7c8 is an unknown value
EDI=0x3c0134ed is an unknown value


Stack: [0x0bd10000,0x0bd60000],  sp=0x0bd5f1bc,  free space=316k
Native frames: (J=compiled Java code, j=interpreted, Vv=VM code, C=native code)
C  [awt.dll+0xa3cd0]  Java_sun_awt_Win32GraphicsEnvironment_isVistaOS+0x970

Java frames: (J=compiled Java code, j=interpreted, Vv=VM code)
J  sun.java2d.windows.GDIBlitLoops.nativeBlit(Lsun/java2d/SurfaceData;Lsun/java2d/SurfaceData;Lsun/java2d/pipe/Region;IIIIIIIIIZ)V
J  sun.java2d.windows.GDIBlitLoops.Blit(Lsun/java2d/SurfaceData;Lsun/java2d/SurfaceData;Ljava/awt/Composite;Lsun/java2d/pipe/Region;IIIIII)V
J  sun.java2d.pipe.DrawImage.blitSurfaceData(Lsun/java2d/SunGraphics2D;Lsun/java2d/pipe/Region;Lsun/java2d/SurfaceData;Lsun/java2d/SurfaceData;Lsun/java2d/loops/SurfaceType;Lsun/java2d/loops/SurfaceType;IIIIIILjava/awt/Color;)V
J  sun.java2d.pipe.DrawImage.renderImageCopy(Lsun/java2d/SunGraphics2D;Ljava/awt/Image;Ljava/awt/Color;IIIIII)Z
J  sun.java2d.pipe.DrawImage.copyImage(Lsun/java2d/SunGraphics2D;Ljava/awt/Image;IIIIIILjava/awt/Color;)Z
J  sun.java2d.pipe.DrawImage.copyImage(Lsun/java2d/SunGraphics2D;Ljava/awt/Image;IIIIIILjava/awt/Color;Ljava/awt/image/ImageObserver;)Z
J  sun.java2d.pipe.ValidatePipe.copyImage(Lsun/java2d/SunGraphics2D;Ljava/awt/Image;IIIIIILjava/awt/Color;Ljava/awt/image/ImageObserver;)Z
J  sun.java2d.SunGraphics2D.copyImage(Ljava/awt/Image;IIIIIILjava/awt/Color;Ljava/awt/image/ImageObserver;)Z
J  sun.java2d.SunGraphics2D.drawImage(Ljava/awt/Image;IIIIIIIILjava/awt/Color;Ljava/awt/image/ImageObserver;)Z
J  sun.java2d.SunGraphics2D.drawImage(Ljava/awt/Image;IIIIIIIILjava/awt/image/ImageObserver;)Z
J  oracle.ewt.lwAWT.SharedPainter.paint(Ljava/awt/Graphics;Loracle/ewt/lwAWT/DoubleBuffer;Loracle/ewt/lwAWT/VirtualComponent;)V
J  oracle.ewt.lwAWT.SharedPainter.paintImmediate(IIIILoracle/ewt/lwAWT/LWComponent;Loracle/ewt/lwAWT/DoubleBuffer;)V
J  oracle.ewt.lwAWT.SharedPainter.paintImmediateClipped(IIIILoracle/ewt/lwAWT/LWComponent;Loracle/ewt/lwAWT/DoubleBuffer;)V
J  oracle.forms.ui.StatsIndicator.run()V
J  oracle.ewt.timer.Timer.doRun()V
J  oracle.ewt.timer.Periodic.doRun()V
j  oracle.ewt.timer.Timer.run()V+45
j  java.lang.Thread.run()V+11
v  ~StubRoutines::call_stub

---------------  P R O C E S S  ---------------

Java Threads: ( => current thread )
=>0x0936cc00 JavaThread "Busy indicator" daemon [_thread_in_native, id=218764, stack(0x0bd10000,0x0bd60000)]
  0x09369800 JavaThread "Flush Queue" [_thread_blocked, id=217504, stack(0x0c070000,0x0c0c0000)]
  0x09368400 JavaThread "HeartBeat" [_thread_blocked, id=216352, stack(0x0bf50000,0x0bfa0000)]
  0x0936a400 JavaThread "Forms-StreamMessageWriter" [_thread_blocked, id=196336, stack(0x0bec0000,0x0bf10000)]
  0x09368000 JavaThread "Forms-StreamMessageReader" [_thread_blocked, id=216088, stack(0x0be30000,0x0be80000)]
  0x0936b800 JavaThread "thread applet-oracle.forms.engine.Main-2" [_thread_blocked, id=214696, stack(0x0bc80000,0x0bcd0000)]
  0x0936ac00 JavaThread "Applet 2 LiveConnect Worker Thread" [_thread_blocked, id=218736, stack(0x0a8b0000,0x0a900000)]
  0x0936d000 JavaThread "Forms-DialogThread3" [_thread_blocked, id=215552, stack(0x0b9e0000,0x0ba30000)]
  0x09368c00 JavaThread "TaskScheduler timer" [_thread_blocked, id=217912, stack(0x0b7b0000,0x0b800000)]
  0x09366000 JavaThread "Busy indicator" daemon [_thread_blocked, id=218160, stack(0x0ab20000,0x0ab70000)]
  0x0936b000 JavaThread "CursorIdler" [_thread_blocked, id=214120, stack(0x0a820000,0x0a870000)]
  0x09366c00 JavaThread "Flush Queue" [_thread_blocked, id=218936, stack(0x0bab0000,0x0bb00000)]
  0x0936c000 JavaThread "HeartBeat" [_thread_blocked, id=219012, stack(0x0b990000,0x0b9e0000)]
  0x09365800 JavaThread "Forms-StreamMessageWriter" [_thread_blocked, id=218980, stack(0x0b900000,0x0b950000)]
  0x0936c400 JavaThread "Forms-StreamMessageReader" [_thread_blocked, id=218996, stack(0x0a9d0000,0x0aa20000)]
  0x0924e800 JavaThread "thread applet-oracle.forms.engine.Main-1" [_thread_blocked, id=219112, stack(0x0a980000,0x0a9d0000)]
  0x0924e000 JavaThread "JVM[id=0]-Heartbeat" daemon [_thread_blocked, id=198136, stack(0x09f00000,0x09f50000)]
  0x0924d800 JavaThread "AWT-EventQueue-2" [_thread_blocked, id=218040, stack(0x09e70000,0x09ec0000)]
  0x0924cc00 JavaThread "Applet 1 LiveConnect Worker Thread" [_thread_blocked, id=218856, stack(0x09960000,0x099b0000)]
  0x0924ec00 JavaThread "Browser Side Object Cleanup Thread" [_thread_blocked, id=218584, stack(0x09cc0000,0x09d10000)]
  0x0924d400 JavaThread "Windows Tray Icon Thread" [_thread_in_native, id=218892, stack(0x09c30000,0x09c80000)]
  0x0924c800 JavaThread "CacheCleanUpThread" daemon [_thread_blocked, id=218848, stack(0x09ba0000,0x09bf0000)]
  0x0920d000 JavaThread "CacheMemoryCleanUpThread" daemon [_thread_blocked, id=218844, stack(0x09b10000,0x09b60000)]
  0x0210a400 JavaThread "SysExecutionTheadCreator" daemon [_thread_blocked, id=214168, stack(0x09610000,0x09660000)]
  0x09204c00 JavaThread "AWT-EventQueue-0" [_thread_blocked, id=214768, stack(0x099f0000,0x09a40000)]
  0x091fc000 JavaThread "AWT-Windows" daemon [_thread_in_native, id=215188, stack(0x02500000,0x02600000)]
  0x091fb800 JavaThread "AWT-Shutdown" [_thread_blocked, id=214548, stack(0x098d0000,0x09920000)]
  0x091fb000 JavaThread "Java2D Disposer" daemon [_thread_blocked, id=195968, stack(0x09840000,0x09890000)]
  0x0210ec00 JavaThread "Java Plug-In Pipe Worker Thread (Client-Side)" daemon [_thread_in_native, id=196996, stack(0x096a0000,0x096f0000)]
  0x02109c00 JavaThread "Timer-0" [_thread_blocked, id=217800, stack(0x09550000,0x095a0000)]
  0x020d3000 JavaThread "traceMsgQueueThread" daemon [_thread_blocked, id=205788, stack(0x04f20000,0x04f70000)]
  0x02082800 JavaThread "Low Memory Detector" daemon [_thread_blocked, id=216084, stack(0x04bc0000,0x04c10000)]
  0x02080800 JavaThread "C1 CompilerThread0" daemon [_thread_blocked, id=217956, stack(0x04b20000,0x04b70000)]
  0x0207f000 JavaThread "Attach Listener" daemon [_thread_blocked, id=216648, stack(0x04a90000,0x04ae0000)]
  0x0207d000 JavaThread "Signal Dispatcher" daemon [_thread_blocked, id=216768, stack(0x04a40000,0x04a90000)]
  0x02070000 JavaThread "Finalizer" daemon [_thread_blocked, id=217476, stack(0x04920000,0x04970000)]
  0x0206ec00 JavaThread "Reference Handler" daemon [_thread_blocked, id=216344, stack(0x04890000,0x048e0000)]
  0x004ab800 JavaThread "main" [_thread_blocked, id=217040, stack(0x01fc0000,0x02010000)]

Other Threads:
  0x02032800 VMThread [stack: 0x04800000,0x04850000] [id=218232]
  0x02091800 WatcherThread [stack: 0x04c50000,0x04ca0000] [id=198132]

VM state:not at safepoint (normal execution)

VM Mutex/Monitor currently owned by a thread: None

Heap
 def new generation   total 13120K, used 4021K [0x247b0000, 0x255e0000, 0x29d00000)
  eden space 11712K,  27% used [0x247b0000, 0x24acd790, 0x25320000)
  from space 1408K,  59% used [0x25320000, 0x253efeb8, 0x25480000)
  to   space 1408K,   0% used [0x25480000, 0x25480000, 0x255e0000)
 tenured generation   total 28884K, used 27480K [0x29d00000, 0x2b935000, 0x347b0000)
   the space 28884K,  95% used [0x29d00000, 0x2b7d6390, 0x2b7d6400, 0x2b935000)
 compacting perm gen  total 12288K, used 7902K [0x347b0000, 0x353b0000, 0x387b0000)
   the space 12288K,  64% used [0x347b0000, 0x34f67828, 0x34f67a00, 0x353b0000)
    ro space 10240K,  51% used [0x387b0000, 0x38ce3000, 0x38ce3000, 0x391b0000)
    rw space 12288K,  55% used [0x391b0000, 0x3984e4f8, 0x3984e600, 0x39db0000)

Code Cache  [0x02600000, 0x02840000, 0x04600000)
 total_blobs=1374 nmethods=1160 adapters=148 free_code_cache=31208960 largest_free_block=128

Dynamic libraries:
0x00400000 - 0x00425000 	C:\PROGRA~2\Java\jre6\bin\java.exe
0x77a20000 - 0x77bae000 	C:\Windows\SYSTEM32\ntdll.dll
0x74ee0000 - 0x74fb0000 	C:\Windows\System32\KERNEL32.DLL
0x75350000 - 0x75512000 	C:\Windows\System32\KERNELBASE.dll
0x69b30000 - 0x69bc3000 	C:\Windows\SYSTEM32\apphelp.dll
0x6eeb0000 - 0x6f126000 	C:\Windows\AppPatch\AcLayers.DLL
0x77960000 - 0x77a1d000 	C:\Windows\System32\msvcrt.dll
0x75ff0000 - 0x7612c000 	C:\Windows\System32\USER32.dll
0x756a0000 - 0x756b6000 	C:\Windows\System32\win32u.dll
0x756c0000 - 0x756e1000 	C:\Windows\System32\GDI32.dll
0x75e90000 - 0x75fe8000 	C:\Windows\System32\gdi32full.dll
0x763d0000 - 0x76449000 	C:\Windows\System32\msvcp_win.dll
0x75be0000 - 0x75cf8000 	C:\Windows\System32\ucrtbase.dll
0x76460000 - 0x777a8000 	C:\Windows\System32\SHELL32.dll
0x75d90000 - 0x75dc9000 	C:\Windows\System32\cfgmgr32.dll
0x75b50000 - 0x75bdc000 	C:\Windows\System32\shcore.dll
0x745a0000 - 0x74660000 	C:\Windows\System32\RPCRT4.dll
0x744f0000 - 0x74510000 	C:\Windows\System32\SspiCli.dll
0x744e0000 - 0x744ea000 	C:\Windows\System32\CRYPTBASE.dll
0x777b0000 - 0x77807000 	C:\Windows\System32\bcryptPrimitives.dll
0x76210000 - 0x76251000 	C:\Windows\System32\sechost.dll
0x75000000 - 0x75238000 	C:\Windows\System32\combase.dll
0x74660000 - 0x74be4000 	C:\Windows\System32\windows.storage.dll
0x76130000 - 0x761a7000 	C:\Windows\System32\advapi32.dll
0x74e40000 - 0x74e85000 	C:\Windows\System32\shlwapi.dll
0x75e70000 - 0x75e7e000 	C:\Windows\System32\kernel.appcore.dll
0x74e90000 - 0x74ed5000 	C:\Windows\System32\powrprof.dll
0x75720000 - 0x75730000 	C:\Windows\System32\profapi.dll
0x75dd0000 - 0x75e66000 	C:\Windows\System32\OLEAUT32.dll
0x75730000 - 0x75b4a000 	C:\Windows\System32\SETUPAPI.dll
0x72ef0000 - 0x72f06000 	C:\Windows\SYSTEM32\MPR.dll
0x66680000 - 0x66683000 	C:\Windows\SYSTEM32\sfc.dll
0x72e80000 - 0x72eee000 	C:\Windows\SYSTEM32\WINSPOOL.DRV
0x73f70000 - 0x73f88000 	C:\Windows\SYSTEM32\bcrypt.dll
0x6db20000 - 0x6db30000 	C:\Windows\SYSTEM32\sfc_os.DLL
0x756f0000 - 0x75715000 	C:\Windows\System32\IMM32.DLL
0x7c340000 - 0x7c396000 	C:\PROGRA~2\Java\jre6\bin\msvcr71.dll
0x6d810000 - 0x6dac0000 	C:\PROGRA~2\Java\jre6\bin\client\jvm.dll
0x72b60000 - 0x72b84000 	C:\Windows\SYSTEM32\WINMM.dll
0x723e0000 - 0x72403000 	C:\Windows\SYSTEM32\WINMMBASE.dll
0x6d7c0000 - 0x6d7cc000 	C:\PROGRA~2\Java\jre6\bin\verify.dll
0x6d330000 - 0x6d34f000 	C:\PROGRA~2\Java\jre6\bin\java.dll
0x6d000000 - 0x6d14c000 	C:\PROGRA~2\Java\jre6\bin\awt.dll
0x75240000 - 0x75333000 	C:\Windows\System32\ole32.dll
0x6fae0000 - 0x6fcee000 	C:\Windows\WinSxS\x86_microsoft.windows.common-controls_6595b64144ccf1df_6.0.15063.483_none_6dad63fefc436da8\COMCTL32.dll
0x6d800000 - 0x6d80f000 	C:\PROGRA~2\Java\jre6\bin\zip.dll
0x67430000 - 0x674a8000 	C:\Windows\system32\uxtheme.dll
0x696c0000 - 0x696e3000 	C:\Windows\SYSTEM32\dwmapi.dll
0x73040000 - 0x73048000 	C:\Windows\SYSTEM32\VERSION.dll
0x75520000 - 0x7569d000 	C:\Windows\System32\crypt32.dll
0x74c50000 - 0x74c5e000 	C:\Windows\System32\MSASN1.dll
0x72020000 - 0x72033000 	C:\Windows\SYSTEM32\CRYPTSP.dll
0x71ff0000 - 0x7201f000 	C:\Windows\system32\rsaenh.dll
0x6d430000 - 0x6d436000 	C:\Program Files (x86)\Java\jre6\bin\jp2native.dll
0x6d1d0000 - 0x6d1e3000 	C:\Program Files (x86)\Java\jre6\bin\deploy.dll
0x72bb0000 - 0x72e71000 	C:\Windows\SYSTEM32\WININET.dll
0x69210000 - 0x693ac000 	C:\Windows\SYSTEM32\urlmon.dll
0x681e0000 - 0x683f2000 	C:\Windows\SYSTEM32\iertutil.dll
0x6d6b0000 - 0x6d6f9000 	C:\Program Files (x86)\Java\jre6\bin\regutils.dll
0x77810000 - 0x77956000 	C:\Windows\System32\MSCTF.dll
0x6d610000 - 0x6d623000 	C:\Program Files (x86)\Java\jre6\bin\net.dll
0x74c60000 - 0x74cc7000 	C:\Windows\System32\WS2_32.dll
0x72b10000 - 0x72b5e000 	C:\Windows\system32\mswsock.dll
0x6d630000 - 0x6d639000 	C:\Program Files (x86)\Java\jre6\bin\nio.dll
0x6f300000 - 0x6f3c9000 	C:\Program Files (x86)\NVIDIA Corporation\3D Vision\nvSCPAPI.dll
0x75e80000 - 0x75e86000 	C:\Windows\System32\PSAPI.DLL
0x6d230000 - 0x6d286000 	C:\Program Files (x86)\Java\jre6\bin\fontmanager.dll
0x73f90000 - 0x73fb2000 	C:\Windows\SYSTEM32\USERENV.dll
0x701e0000 - 0x701f1000 	C:\Windows\system32\napinsp.dll
0x701c0000 - 0x701d6000 	C:\Windows\system32\pnrpnsp.dll
0x701a0000 - 0x701b3000 	C:\Windows\system32\NLAapi.dll
0x73a90000 - 0x73b0f000 	C:\Windows\SYSTEM32\DNSAPI.dll
0x75340000 - 0x75347000 	C:\Windows\System32\NSI.dll
0x73a60000 - 0x73a8f000 	C:\Windows\SYSTEM32\IPHLPAPI.DLL
0x70190000 - 0x7019b000 	C:\Windows\System32\winrnr.dll
0x70180000 - 0x70190000 	C:\Windows\System32\wshbth.dll
0x70810000 - 0x70818000 	C:\Windows\System32\rasadhlp.dll
0x707c0000 - 0x7080a000 	C:\Windows\System32\fwpuclnt.dll
0x623c0000 - 0x62427000 	C:\Windows\System32\TextInputFramework.dll
0x62060000 - 0x62287000 	C:\Windows\System32\CoreUIComponents.dll
0x62330000 - 0x623bf000 	C:\Windows\System32\CoreMessaging.dll
0x71df0000 - 0x71e18000 	C:\Windows\SYSTEM32\ntmarta.dll
0x68940000 - 0x68a11000 	C:\Windows\SYSTEM32\wintypes.dll
0x688a0000 - 0x688b0000 	C:\Windows\SYSTEM32\usermgrcli.dll
0x6d450000 - 0x6d475000 	C:\Program Files (x86)\Java\jre6\bin\jpeg.dll

VM Arguments:
jvm_args: -Xbootclasspath/a:C:\PROGRA~2\Java\jre6\lib\deploy.jar;C:\PROGRA~2\Java\jre6\lib\javaws.jar;C:\PROGRA~2\Java\jre6\lib\plugin.jar -D__jvm_launched=977056639323 -Dsun.awt.warmup=true -Dsun.plugin2.jvm.args=-Xbootclasspath/a:"C:\\PROGRA~2\\Java\\jre6\\lib\\deploy.jar";"C:\\PROGRA~2\\Java\\jre6\\lib\\javaws.jar";"C:\\PROGRA~2\\Java\\jre6\\lib\\plugin.jar" -Djava.class.path="C:\\PROGRA~2\\Java\\jre6\\classes" -D__jvm_launched=977056639323 -Dsun.awt.warmup=true 
java_command: sun.plugin2.main.client.PluginMain write_pipe_name=jpi2_pid215700_pipe2,read_pipe_name=jpi2_pid215700_pipe1
Launcher Type: SUN_STANDARD

Environment Variables:
PATH=C:\Program Files (x86)\Mozilla Firefox;C:\Sites\V2R_ENCUESTA\node_modules\.bin;C:\Users\wrosales\AppData\Local\Yarn\config\link\node_modules\.bin;C:\Sites\V2R_ENCUESTA\node_modules\.bin;C:\Users\wrosales\AppData\Local\Yarn\config\link\node_modules\.bin;C:\Program Files\lib\node_modules\npm\bin\node-gyp-bin;C:\Program Files\nodejs\node_modules\npm\bin\node-gyp-bin;C:\app\wrosales\product\11.2.0\client_2;C:\app\wrosales\product\11.2.0\client_2\bin;C:\app\wrosales\product\11.2.0\client_1;C:\app\wrosales\product\11.2.0\client_1\bin;C:\Windows\system32;C:\Windows;C:\Windows\System32\Wbem;C:\Windows\System32\WindowsPowerShell\v1.0\;C:\Program Files (x86)\Yarn\bin;C:\Program Files\nodejs\;C:\Program Files (x86)\Skype\Phone\;C:\Program Files\Git\cmd;C:\RailsInstaller\Git\cmd;C:\RailsInstaller\Ruby2.3.0\bin;C:\Users\wrosales\AppData\Local\Microsoft\WindowsApps;C:\Users\wrosales\AppData\Local\Yarn\bin;C:\Users\wrosales\AppData\Roaming\npm
USERNAME=wrosales
OS=Windows_NT
PROCESSOR_IDENTIFIER=Intel64 Family 6 Model 58 Stepping 9, GenuineIntel



---------------  S Y S T E M  ---------------

OS: Windows 8 , 64 bit Build 9200 

CPU:total 8 (4 cores per cpu, 2 threads per core) family 6 model 58 stepping 9, cmov, cx8, fxsr, mmx, sse, sse2, sse3, ssse3, sse4.1, sse4.2, popcnt, ht

Memory: 4k page, physical 16333608k(3140052k free), swap 25100976k(5589832k free)

vm_info: Java HotSpot(TM) Client VM (20.45-b01) for windows-x86 JRE (1.6.0_45-b06), built on Mar 26 2013 13:40:03 by "java_re" with MS VC++ 7.1 (VS2003)

time: Tue Aug 29 14:57:22 2017
elapsed time: 1024 seconds

